<?xml version="1.0" encoding="UTF-8"?>
<!-- Generated by org.testng.reporters.JUnitReportReporter -->
<testsuite skipped="0" hostname="Yemis-MacBook-Air.local" name="com.NationalLottory.NationalLottory.TestRunner" tests="1" failures="0" timestamp="17 Jun 2019 09:21:09 GMT" time="11.818" errors="0">
  <testcase name="feature" time="11.818" classname="com.NationalLottory.NationalLottory.TestRunner"/>
</testsuite> <!-- com.NationalLottory.NationalLottory.TestRunner -->
